<?xml version="1.0" encoding="UTF-8"?>
<!-- Generated by org.testng.reporters.JUnitReportReporter -->
<testsuite skipped="0" hostname="LAPTOP-JKVQ8FJ6" name="commonUtils.TestRunner" tests="1" failures="0" timestamp="22 Apr 2022 19:58:10 GMT" time="78.696" errors="0">
  <testcase name="feature" time="78.696" classname="commonUtils.TestRunner"/>
</testsuite> <!-- commonUtils.TestRunner -->
